<?xml version="1.0" encoding="UTF-8"?>
<!-- Generated by org.testng.reporters.JUnitReportReporter -->
<testsuite hostname="DESKTOP-RV6F1IE" failures="0" tests="3" name="clientapp.tests.DataProviderTest" time="41.436" errors="0" timestamp="2023-01-07T22:07:31 IST" skipped="0">
  <testcase classname="clientapp.tests.DataProviderTest" name="submitOrder2" time="12.541"/>
  <system-out/>
  <testcase classname="clientapp.tests.DataProviderTest" name="DataProviderTestDepends" time="17.498"/>
  <system-out/>
  <testcase classname="clientapp.tests.DataProviderTest" name="submitOrder2" time="11.397"/>
  <system-out/>
</testsuite> <!-- clientapp.tests.DataProviderTest -->
