<?xml version="1.0" encoding="UTF-8"?>
<!-- Generated by org.testng.reporters.JUnitReportReporter -->
<testsuite hostname="DESKTOP-RV6F1IE" failures="0" tests="2" name="clientapp.tests.ClientAppTest" time="29.140" errors="0" timestamp="2023-01-07T22:07:31 IST" skipped="0">
  <testcase classname="clientapp.tests.ClientAppTest" name="submitOrder1" time="13.278"/>
  <system-out/>
  <testcase classname="clientapp.tests.ClientAppTest" name="orderHistoryTest" time="15.862"/>
  <system-out/>
</testsuite> <!-- clientapp.tests.ClientAppTest -->
