<?xml version="1.0" encoding="UTF-8"?>
<!-- Generated by org.testng.reporters.JUnitReportReporter -->
<testsuite hostname="DESKTOP-RV6F1IE" failures="0" tests="1" name="clientapp.tests.JsonDataTest" time="0.000" errors="0" timestamp="2023-01-07T22:07:31 IST" skipped="1">
  <testcase classname="clientapp.tests.JsonDataTest" name="submitOrder4" time="0.000">
    <skipped/>
  </testcase> <!-- submitOrder4 -->
  <system-out/>
</testsuite> <!-- clientapp.tests.JsonDataTest -->
