<?xml version="1.0" encoding="UTF-8"?>
<!-- Generated by org.testng.reporters.JUnitReportReporter -->
<testsuite hostname="DESKTOP-RV6F1IE" failures="0" tests="2" name="clientapp.tests.ErrorValidations" time="22.954" errors="0" timestamp="2022-12-06T13:22:26 IST" skipped="0">
  <testcase classname="clientapp.tests.ErrorValidations" name="LoginErrorValidation" time="12.763"/>
  <system-out/>
  <testcase classname="clientapp.tests.ErrorValidations" name="ProductErrorValidation" time="10.191"/>
  <system-out/>
</testsuite> <!-- clientapp.tests.ErrorValidations -->
