<?xml version="1.0" encoding="UTF-8"?>
<!-- Generated by org.testng.reporters.JUnitReportReporter -->
<testsuite hostname="DESKTOP-RV6F1IE" failures="0" tests="2" name="clientapp.tests.ErrorValidationsTest" time="26.349" errors="0" timestamp="2023-01-07T22:07:31 IST" skipped="0">
  <testcase classname="clientapp.tests.ErrorValidationsTest" name="LoginErrorValidation" time="16.029"/>
  <system-out/>
  <testcase classname="clientapp.tests.ErrorValidationsTest" name="ProductErrorValidation" time="10.320"/>
  <system-out/>
</testsuite> <!-- clientapp.tests.ErrorValidationsTest -->
