<?xml version="1.0" encoding="UTF-8"?>
<!-- Generated by org.testng.reporters.JUnitReportReporter -->
<testsuite hostname="DESKTOP-RV6F1IE" failures="0" tests="1" name="clientapp.ClientAppTest" time="22.195" errors="0" timestamp="2022-12-05T23:00:45 IST" skipped="0">
  <testcase classname="clientapp.ClientAppTest" name="submitOrder" time="22.195"/>
  <system-out/>
</testsuite> <!-- clientapp.ClientAppTest -->
